[    0.000000] Initializing cgroup subsys cpuset
[    0.000000] Initializing cgroup subsys cpu
[    0.000000] Initializing cgroup subsys cpuacct
[    0.000000] Linux version 4.4.0-135-generic (buildd@lcy01-amd64-020) (gcc version 5.4.0 20160609 (Ubuntu 5.4.0-6ubuntu1~16.04.10) ) #161-Ubuntu SMP Mon Aug 27 10:45:01 UTC 2018 (Ubuntu 4.4.0-135.161-generic 4.4.140)
[    0.000000] Command line: BOOT_IMAGE=/boot/vmlinuz-4.4.0-135-generic root=LABEL=cloudimg-rootfs ro console=tty1 console=ttyS0
[    0.000000] KERNEL supported cpus:
[    0.000000]   Intel GenuineIntel
[    0.000000]   AMD AuthenticAMD
[    0.000000]   Centaur CentaurHauls
[    0.000000] x86/fpu: xstate_offset[2]:  576, xstate_sizes[2]:  256
[    0.000000] x86/fpu: Supporting XSAVE feature 0x01: 'x87 floating point registers'
[    0.000000] x86/fpu: Supporting XSAVE feature 0x02: 'SSE registers'
[    0.000000] x86/fpu: Supporting XSAVE feature 0x04: 'AVX registers'
[    0.000000] x86/fpu: Enabled xstate features 0x7, context size is 832 bytes, using 'standard' format.
[    0.000000] e820: BIOS-provided physical RAM map:
[    0.000000] BIOS-e820: [mem 0x0000000000000000-0x000000000009fbff] usable
[    0.000000] BIOS-e820: [mem 0x000000000009fc00-0x000000000009ffff] reserved
[    0.000000] BIOS-e820: [mem 0x00000000000f0000-0x00000000000fffff] reserved
[    0.000000] BIOS-e820: [mem 0x0000000000100000-0x000000000ffeffff] usable
[    0.000000] BIOS-e820: [mem 0x000000000fff0000-0x000000000fffffff] ACPI data
[    0.000000] BIOS-e820: [mem 0x00000000fec00000-0x00000000fec00fff] reserved
[    0.000000] BIOS-e820: [mem 0x00000000fee00000-0x00000000fee00fff] reserved
[    0.000000] BIOS-e820: [mem 0x00000000fffc0000-0x00000000ffffffff] reserved
[    0.000000] NX (Execute Disable) protection: active
[    0.000000] SMBIOS 2.5 present.
[    0.000000] Hypervisor detected: KVM
[    0.000000] e820: last_pfn = 0xfff0 max_arch_pfn = 0x400000000
[    0.000000] MTRR: Disabled
[    0.000000] x86/PAT: MTRRs disabled, skipping PAT initialization too.
[    0.000000] CPU MTRRs all blank - virtualized system.
[    0.000000] x86/PAT: Configuration [0-7]: WB  WT  UC- UC  WB  WT  UC- UC  
[    0.000000] found SMP MP-table at [mem 0x0009fff0-0x0009ffff] mapped at [ffff88000009fff0]
[    0.000000] Scanning 1 areas for low memory corruption
[    0.000000] RAMDISK: [mem 0x0e92d000-0x0f79ffff]
[    0.000000] ACPI: Early table checksum verification disabled
[    0.000000] ACPI: RSDP 0x00000000000E0000 000024 (v02 VBOX  )
[    0.000000] ACPI: XSDT 0x000000000FFF0030 00003C (v01 VBOX   VBOXXSDT 00000001 ASL  00000061)
[    0.000000] ACPI: FACP 0x000000000FFF00F0 0000F4 (v04 VBOX   VBOXFACP 00000001 ASL  00000061)
[    0.000000] ACPI: DSDT 0x000000000FFF0470 0021FF (v02 VBOX   VBOXBIOS 00000002 INTL 20100528)
[    0.000000] ACPI: FACS 0x000000000FFF0200 000040
[    0.000000] ACPI: FACS 0x000000000FFF0200 000040
[    0.000000] ACPI: APIC 0x000000000FFF0240 000054 (v02 VBOX   VBOXAPIC 00000001 ASL  00000061)
[    0.000000] ACPI: SSDT 0x000000000FFF02A0 0001CC (v01 VBOX   VBOXCPUT 00000002 INTL 20100528)
[    0.000000] No NUMA configuration found
[    0.000000] Faking a node at [mem 0x0000000000000000-0x000000000ffeffff]
[    0.000000] NODE_DATA(0) allocated [mem 0x0ffeb000-0x0ffeffff]
[    0.000000] kvm-clock: Using msrs 4b564d01 and 4b564d00
[    0.000000] kvm-clock: cpu 0, msr 0:ffe3001, primary cpu clock
[    0.000000] kvm-clock: using sched offset of 3660810467 cycles
[    0.000000] clocksource: kvm-clock: mask: 0xffffffffffffffff max_cycles: 0x1cd42e4dffb, max_idle_ns: 881590591483 ns
[    0.000000] Zone ranges:
[    0.000000]   DMA      [mem 0x0000000000001000-0x0000000000ffffff]
[    0.000000]   DMA32    [mem 0x0000000001000000-0x000000000ffeffff]
[    0.000000]   Normal   empty
[    0.000000]   Device   empty
[    0.000000] Movable zone start for each node
[    0.000000] Early memory node ranges
[    0.000000]   node   0: [mem 0x0000000000001000-0x000000000009efff]
[    0.000000]   node   0: [mem 0x0000000000100000-0x000000000ffeffff]
[    0.000000] Initmem setup node 0 [mem 0x0000000000001000-0x000000000ffeffff]
[    0.000000] ACPI: PM-Timer IO Port: 0x4008
[    0.000000] IOAPIC[0]: apic_id 1, version 32, address 0xfec00000, GSI 0-23
[    0.000000] ACPI: INT_SRC_OVR (bus 0 bus_irq 0 global_irq 2 dfl dfl)
[    0.000000] ACPI: INT_SRC_OVR (bus 0 bus_irq 9 global_irq 9 low level)
[    0.000000] Using ACPI (MADT) for SMP configuration information
[    0.000000] smpboot: Allowing 1 CPUs, 0 hotplug CPUs
[    0.000000] PM: Registered nosave memory: [mem 0x00000000-0x00000fff]
[    0.000000] PM: Registered nosave memory: [mem 0x0009f000-0x0009ffff]
[    0.000000] PM: Registered nosave memory: [mem 0x000a0000-0x000effff]
[    0.000000] PM: Registered nosave memory: [mem 0x000f0000-0x000fffff]
[    0.000000] e820: [mem 0x10000000-0xfebfffff] available for PCI devices
[    0.000000] Booting paravirtualized kernel on KVM
[    0.000000] clocksource: refined-jiffies: mask: 0xffffffff max_cycles: 0xffffffff, max_idle_ns: 7645519600211568 ns
[    0.000000] setup_percpu: NR_CPUS:512 nr_cpumask_bits:512 nr_cpu_ids:1 nr_node_ids:1
[    0.000000] PERCPU: Embedded 34 pages/cpu @ffff88000fc00000 s99544 r8192 d31528 u2097152
[    0.000000] PV qspinlock hash table entries: 256 (order: 0, 4096 bytes)
[    0.000000] Built 1 zonelists in Node order, mobility grouping on.  Total pages: 64376
[    0.000000] Policy zone: DMA32
[    0.000000] Kernel command line: BOOT_IMAGE=/boot/vmlinuz-4.4.0-135-generic root=LABEL=cloudimg-rootfs ro console=tty1 console=ttyS0
[    0.000000] PID hash table entries: 1024 (order: 1, 8192 bytes)
[    0.000000] Memory: 223736K/261688K available (8554K kernel code, 1314K rwdata, 4004K rodata, 1516K init, 1316K bss, 37952K reserved, 0K cma-reserved)
[    0.000000] SLUB: HWalign=64, Order=0-3, MinObjects=0, CPUs=1, Nodes=1
[    0.000000] Kernel/User page tables isolation: enabled
[    0.000000] Hierarchical RCU implementation.
[    0.000000] 	Build-time adjustment of leaf fanout to 64.
[    0.000000] 	RCU restricting CPUs from NR_CPUS=512 to nr_cpu_ids=1.
[    0.000000] RCU: Adjusting geometry for rcu_fanout_leaf=64, nr_cpu_ids=1
[    0.000000] NR_IRQS:33024 nr_irqs:256 16
[    0.000000] Console: colour VGA+ 80x25
[    0.000000] console [tty1] enabled
[    0.000000] console [ttyS0] enabled
[    0.000000] tsc: Detected 2904.000 MHz processor
[    0.730595] Calibrating delay loop (skipped) preset value.. 5808.00 BogoMIPS (lpj=11616000)
[    0.740724] pid_max: default: 32768 minimum: 301
[    0.746554] ACPI: Core revision 20150930
[    0.753047] ACPI: 2 ACPI AML tables successfully acquired and loaded
[    0.760421] Security Framework initialized
[    0.764947] Yama: becoming mindful.
[    0.768827] AppArmor: AppArmor initialized
[    0.773460] Dentry cache hash table entries: 32768 (order: 6, 262144 bytes)
[    0.781073] Inode-cache hash table entries: 16384 (order: 5, 131072 bytes)
[    0.788689] Mount-cache hash table entries: 512 (order: 0, 4096 bytes)
[    0.795757] Mountpoint-cache hash table entries: 512 (order: 0, 4096 bytes)
[    0.806030] Initializing cgroup subsys io
[    0.811112] Initializing cgroup subsys memory
[    0.816990] Initializing cgroup subsys devices
[    0.823265] Initializing cgroup subsys freezer
[    0.828937] Initializing cgroup subsys net_cls
[    0.833808] Initializing cgroup subsys perf_event
[    0.839424] Initializing cgroup subsys net_prio
[    0.845483] Initializing cgroup subsys hugetlb
[    0.850956] Initializing cgroup subsys pids
[    0.857108] mce: CPU supports 0 MCE banks
[    0.863273] process: using mwait in idle threads
[    0.875992] Last level iTLB entries: 4KB 64, 2MB 8, 4MB 8
[    0.884124] Last level dTLB entries: 4KB 64, 2MB 0, 4MB 0, 1GB 4
[    0.893080] Spectre V2 : Mitigation: Full generic retpoline
[    0.901354] Spectre V2 : Speculation control IBPB not-supported IBRS not-supported
[    0.913627] Spectre V2 : Filling RSB on context switch
[    0.924634] Speculative Store Bypass: Vulnerable
[    0.952142] Freeing SMP alternatives memory: 32K
[    0.967248] ftrace: allocating 32266 entries in 127 pages
[    1.084123] smpboot: APIC(0) Converting physical 0 to logical package 0
[    1.108030] smpboot: Max logical packages: 1
[    1.124410] x2apic enabled
[    1.129757] Switched APIC routing to physical x2apic.
[    1.139579] ..TIMER: vector=0x30 apic1=0 pin1=2 apic2=-1 pin2=-1
[    1.256910] APIC calibration not consistent with PM-Timer: 95ms instead of 100ms
[    1.318548] APIC delta adjusted to PM-Timer: 6249810 (5991056)
[    1.369723] smpboot: CPU0: Intel(R) Core(TM) i7-7600U CPU @ 2.80GHz (family: 0x6, model: 0x8e, stepping: 0x9)
[    1.435081] Performance Events: unsupported p6 CPU model 142 no PMU driver, software events only.
[    1.482065] KVM setup paravirtual spinlock
[    1.499581] x86: Booted up 1 node, 1 CPUs
[    1.533630] smpboot: Total of 1 processors activated (5808.00 BogoMIPS)
[    1.570972] devtmpfs: initialized
[    1.595964] evm: security.selinux
[    1.614402] evm: security.SMACK64
[    1.636487] evm: security.SMACK64EXEC
[    1.662472] evm: security.SMACK64TRANSMUTE
[    1.678316] evm: security.SMACK64MMAP
[    1.699053] evm: security.ima
[    1.704634] evm: security.capability
[    1.710560] clocksource: jiffies: mask: 0xffffffff max_cycles: 0xffffffff, max_idle_ns: 7645041785100000 ns
[    1.732849] futex hash table entries: 256 (order: 2, 16384 bytes)
[    1.752836] pinctrl core: initialized pinctrl subsystem
[    1.771909] RTC time: 23:20:49, date: 10/06/18
[    1.795371] NET: Registered protocol family 16
[    1.822362] cpuidle: using governor ladder
[    1.839471] cpuidle: using governor menu
[    1.856941] PCCT header not found.
[    1.870153] ACPI: bus type PCI registered
[    1.876661] acpiphp: ACPI Hot Plug PCI Controller Driver version: 0.5
[    1.885917] PCI: Using configuration type 1 for base access
[    1.906313] ACPI: Added _OSI(Module Device)
[    1.918750] ACPI: Added _OSI(Processor Device)
[    1.964024] ACPI: Added _OSI(3.0 _SCP Extensions)
[    1.984112] ACPI: Added _OSI(Processor Aggregator Device)
[    2.008113] ACPI: Executed 1 blocks of module-level executable AML code
[    2.033302] ACPI: Interpreter enabled
[    2.038808] ACPI: (supports S0 S5)
[    2.043543] ACPI: Using IOAPIC for interrupt routing
[    2.050465] PCI: Using host bridge windows from ACPI; if necessary, use "pci=nocrs" and report a bug
[    2.087258] ACPI: PCI Root Bridge [PCI0] (domain 0000 [bus 00-ff])
[    2.098610] acpi PNP0A03:00: _OSC: OS supports [ASPM ClockPM Segments MSI]
[    2.110614] acpi PNP0A03:00: _OSC: not requesting OS control; OS requires [ExtendedConfig ASPM ClockPM MSI]
[    2.126490] acpi PNP0A03:00: fail to add MMCONFIG information, can't access extended PCI configuration space under this bridge.
[    2.150111] PCI host bridge to bus 0000:00
[    2.155484] pci_bus 0000:00: root bus resource [io  0x0000-0x0cf7 window]
[    2.164414] pci_bus 0000:00: root bus resource [io  0x0d00-0xffff window]
[    2.173211] pci_bus 0000:00: root bus resource [mem 0x000a0000-0x000bffff window]
[    2.183047] pci_bus 0000:00: root bus resource [mem 0x10000000-0xfdffffff window]
[    2.193109] pci_bus 0000:00: root bus resource [bus 00-ff]
[    2.202597] pci 0000:00:01.1: legacy IDE quirk: reg 0x10: [io  0x01f0-0x01f7]
[    2.211569] pci 0000:00:01.1: legacy IDE quirk: reg 0x14: [io  0x03f6]
[    2.220417] pci 0000:00:01.1: legacy IDE quirk: reg 0x18: [io  0x0170-0x0177]
[    2.237911] pci 0000:00:01.1: legacy IDE quirk: reg 0x1c: [io  0x0376]
[    2.254241] pci 0000:00:07.0: quirk: [io  0x4000-0x403f] claimed by PIIX4 ACPI
[    2.264210] pci 0000:00:07.0: quirk: [io  0x4100-0x410f] claimed by PIIX4 SMB
[    2.278834] ACPI: PCI Interrupt Link [LNKA] (IRQs 5 9 10 *11)
[    2.293393] ACPI: PCI Interrupt Link [LNKB] (IRQs 5 9 *10 11)
[    2.305190] ACPI: PCI Interrupt Link [LNKC] (IRQs 5 *9 10 11)
[    2.327241] ACPI: PCI Interrupt Link [LNKD] (IRQs 5 9 10 *11)
[    2.356582] ACPI: Enabled 2 GPEs in block 00 to 07
[    2.367425] vgaarb: setting as boot device: PCI:0000:00:02.0
[    2.384870] vgaarb: device added: PCI:0000:00:02.0,decodes=io+mem,owns=io+mem,locks=none
[    2.403816] vgaarb: loaded
[    2.417141] vgaarb: bridge control possible 0000:00:02.0
[    2.425544] SCSI subsystem initialized
[    2.437858] ACPI: bus type USB registered
[    2.443891] usbcore: registered new interface driver usbfs
[    2.452135] usbcore: registered new interface driver hub
[    2.466663] usbcore: registered new device driver usb
[    2.480896] PCI: Using ACPI for IRQ routing
[    2.500356] NetLabel: Initializing
[    2.517847] NetLabel:  domain hash size = 128
[    2.533734] NetLabel:  protocols = UNLABELED CIPSOv4
[    2.542874] NetLabel:  unlabeled traffic allowed by default
[    2.552443] amd_nb: Cannot enumerate AMD northbridges
[    2.560544] clocksource: Switched to clocksource kvm-clock
[    2.596135] AppArmor: AppArmor Filesystem Enabled
[    2.636741] pnp: PnP ACPI init
[    2.654438] pnp: PnP ACPI: found 3 devices
[    2.678735] clocksource: acpi_pm: mask: 0xffffff max_cycles: 0xffffff, max_idle_ns: 2085701024 ns
[    2.736343] NET: Registered protocol family 2
[    2.762132] TCP established hash table entries: 2048 (order: 2, 16384 bytes)
[    2.804499] TCP bind hash table entries: 2048 (order: 3, 32768 bytes)
[    2.847622] TCP: Hash tables configured (established 2048 bind 2048)
[    2.920945] UDP hash table entries: 256 (order: 1, 8192 bytes)
[    2.952516] UDP-Lite hash table entries: 256 (order: 1, 8192 bytes)
[    3.001295] NET: Registered protocol family 1
[    3.020632] pci 0000:00:00.0: Limiting direct PCI/PCI transfers
[    3.064585] pci 0000:00:01.0: Activating ISA DMA hang workarounds
[    3.088308] Unpacking initramfs...
[    3.504143] Freeing initrd memory: 14796K
[    3.529621] platform rtc_cmos: registered platform RTC device (no PNP device found)
[    3.585151] Scanning for low memory corruption every 60 seconds
[    3.612975] audit: initializing netlink subsys (disabled)
[    3.662462] audit: type=2000 audit(1538868054.061:1): initialized
[    3.707835] Initialise system trusted keyring
[    3.755116] HugeTLB registered 2 MB page size, pre-allocated 0 pages
[    3.841958] zbud: loaded
[    3.865079] VFS: Disk quotas dquot_6.6.0
[    3.908148] VFS: Dquot-cache hash table entries: 512 (order 0, 4096 bytes)
[    3.952606] squashfs: version 4.0 (2009/01/31) Phillip Lougher
[    4.002580] fuse init (API version 7.23)
[    4.044971] Key type big_key registered
[    4.070116] Allocating IMA MOK and blacklist keyrings.
[    4.117992] Key type asymmetric registered
[    4.146532] Asymmetric key parser 'x509' registered
[    4.194930] Block layer SCSI generic (bsg) driver version 0.4 loaded (major 249)
[    4.250933] io scheduler noop registered
[    4.265192] io scheduler deadline registered (default)
[    4.284079] io scheduler cfq registered
[    4.294504] pci_hotplug: PCI Hot Plug PCI Core version: 0.5
[    4.308936] pciehp: PCI Express Hot Plug Controller Driver version: 0.4
[    4.339143] ACPI: AC Adapter [AC] (off-line)
[    4.348502] input: Power Button as /devices/LNXSYSTM:00/LNXPWRBN:00/input/input0
[    4.364982] ACPI: Power Button [PWRF]
[    4.372896] input: Sleep Button as /devices/LNXSYSTM:00/LNXSLPBN:00/input/input1
[    4.389016] ACPI: Sleep Button [SLPF]
[    4.396931] ACPI: Battery Slot [BAT0] (battery present)
[    4.406304] GHES: HEST is not enabled!
[    4.412871] Serial: 8250/16550 driver, 32 ports, IRQ sharing enabled
[    4.451850] 00:02: ttyS0 at I/O 0x3f8 (irq = 4, base_baud = 115200) is a 16550A
[    4.495369] Linux agpgart interface v0.103
[    4.520298] loop: module loaded
[    4.547074] tsc: Refined TSC clocksource calibration: 2901.963 MHz
[    4.577405] clocksource: tsc: mask: 0xffffffffffffffff max_cycles: 0x29d48159c07, max_idle_ns: 440795316350 ns
[    4.619050] scsi host0: ata_piix
[    4.642106] scsi host1: ata_piix
[    4.663958] ata1: PATA max UDMA/33 cmd 0x1f0 ctl 0x3f6 bmdma 0xd000 irq 14
[    4.701850] ata2: PATA max UDMA/33 cmd 0x170 ctl 0x376 bmdma 0xd008 irq 15
[    4.767359] libphy: Fixed MDIO Bus: probed
[    4.791258] tun: Universal TUN/TAP device driver, 1.6
[    4.805920] tun: (C) 1999-2004 Max Krasnyansky <maxk@qualcomm.com>
[    4.822639] PPP generic driver version 2.4.2
[    4.830910] ehci_hcd: USB 2.0 'Enhanced' Host Controller (EHCI) Driver
[    4.858226] ehci-pci: EHCI PCI platform driver
[    4.868962] ehci-platform: EHCI generic platform driver
[    4.880069] ohci_hcd: USB 1.1 'Open' Host Controller (OHCI) Driver
[    4.900743] ohci-pci: OHCI PCI platform driver
[    4.921743] ohci-platform: OHCI generic platform driver
[    4.935253] uhci_hcd: USB Universal Host Controller Interface driver
[    4.948707] i8042: PNP: PS/2 Controller [PNP0303:PS2K,PNP0f03:PS2M] at 0x60,0x64 irq 1,12
[    4.969043] serio: i8042 KBD port at 0x60,0x64 irq 1
[    4.977536] serio: i8042 AUX port at 0x60,0x64 irq 12
[    4.994840] mousedev: PS/2 mouse device common for all mice
[    5.013347] input: AT Translated Set 2 keyboard as /devices/platform/i8042/serio0/input/input2
[    5.036135] rtc_cmos rtc_cmos: rtc core: registered rtc_cmos as rtc0
[    5.049974] rtc_cmos rtc_cmos: alarms up to one day, 114 bytes nvram
[    5.093360] i2c /dev entries driver
[    5.105762] device-mapper: uevent: version 1.0.3
[    5.135855] device-mapper: ioctl: 4.34.0-ioctl (2015-10-28) initialised: dm-devel@redhat.com
[    5.193659] ledtrig-cpu: registered to indicate activity on CPUs
[    5.225416] NET: Registered protocol family 10
[    5.246222] NET: Registered protocol family 17
[    5.276516] Key type dns_resolver registered
[    5.301213] registered taskstats version 1
[    5.322283] Loading compiled-in X.509 certificates
[    5.364968] Loaded X.509 cert 'Build time autogenerated kernel key: b7189ebc996fd79c52efc1226b6676b25e4f6a2d'
[    5.406910] zswap: loaded using pool lzo/zbud
[    5.418136] Key type trusted registered
[    5.430683] Key type encrypted registered
[    5.446587] AppArmor: AppArmor sha1 policy hashing enabled
[    5.464858] ima: No TPM chip found, activating TPM-bypass!
[    5.485155] ima: Allocated hash algorithm: sha1
[    5.496972] evm: HMAC attrs: 0x1
[    5.505705]   Magic number: 6:188:352
[    5.514328] rtc_cmos rtc_cmos: setting system clock to 2018-10-06 23:20:53 UTC (1538868053)
[    5.532171] BIOS EDD facility v0.16 2004-Jun-25, 0 devices found
[    5.558935] EDD information not available.
[    5.571146] Freeing unused kernel memory: 1516K
[    5.596819] Write protecting the kernel read-only data: 14336k
[    5.610362] Freeing unused kernel memory: 1672K
[    5.639531] Freeing unused kernel memory: 92K
Loading, please wait...
starting version[    5.707255] random: udevadm: uninitialized urandom read (16 bytes read, 5 bits of entropy available)
 229
[    5.777536] random: systemd-udevd: uninitialized urandom read (16 bytes read, 5 bits of entropy available)
[    5.839845] random: systemd-udevd: uninitialized urandom read (16 bytes read, 5 bits of entropy available)
[    5.899291] random: udevadm: uninitialized urandom read (16 bytes read, 5 bits of entropy available)
[    5.949064] random: systemd-udevd: uninitialized urandom read (16 bytes read, 5 bits of entropy available)
[    6.036949] random: udevadm: uninitialized urandom read (16 bytes read, 5 bits of entropy available)
[    6.091918] random: systemd-udevd: uninitialized urandom read (16 bytes read, 5 bits of entropy available)
[    6.145479] random: udevadm: uninitialized urandom read (16 bytes read, 5 bits of entropy available)
[    6.188493] random: udevadm: uninitialized urandom read (16 bytes read, 5 bits of entropy available)
[    6.242513] random: systemd-udevd: uninitialized urandom read (16 bytes read, 5 bits of entropy available)
[    6.425528] Fusion MPT base driver 3.04.20
[    6.463649] Copyright (c) 1999-2008 LSI Corporation
[    6.492174] e1000: Intel(R) PRO/1000 Network Driver - version 7.3.21-k8-NAPI
[    6.540121] e1000: Copyright (c) 1999-2006 Intel Corporation.
[    6.590142] AVX2 version of gcm_enc/dec engaged.
[    6.603339] AES CTR mode by8 optimization enabled
[    6.636492] Fusion MPT SPI Host driver 3.04.20
[    6.779620] input: ImExPS/2 Generic Explorer Mouse as /devices/platform/i8042/serio1/input/input4
[    7.153576] e1000 0000:00:03.0 eth0: (PCI:33MHz:32-bit) 02:48:e1:e3:74:ed
[    7.187459] e1000 0000:00:03.0 eth0: Intel(R) PRO/1000 Network Connection
[    7.255787] mptbase: ioc0: Initiating bringup
[    7.353724] ioc0: LSI53C1030 A0: Capabilities={Initiator}
[    7.558237] scsi host2: ioc0: LSI53C1030 A0, FwRev=00000000h, Ports=1, MaxQ=256, IRQ=20
[    7.735102] scsi 2:0:0:0: Direct-Access     VBOX     HARDDISK         1.0  PQ: 0 ANSI: 5
[    7.774231] scsi target2:0:0: Beginning Domain Validation
[    7.865197] scsi target2:0:0: Domain Validation skipping write tests
[    7.920144] scsi target2:0:0: Ending Domain Validation
[    8.060680] scsi target2:0:0: asynchronous
[    8.158119] scsi 2:0:1:0: Direct-Access     VBOX     HARDDISK         1.0  PQ: 0 ANSI: 5
[    8.214187] scsi target2:0:1: Beginning Domain Validation
[    8.383342] scsi target2:0:1: Domain Validation skipping write tests
[    8.404509] scsi target2:0:1: Ending Domain Validation
[    8.458043] scsi target2:0:1: asynchronous
[    8.503248] e1000 0000:00:08.0 eth1: (PCI:33MHz:32-bit) 08:00:27:9d:bb:e6
[    8.529692] e1000 0000:00:08.0 eth1: Intel(R) PRO/1000 Network Connection
[    8.552601] e1000 0000:00:08.0 enp0s8: renamed from eth1
[    8.574488] e1000 0000:00:03.0 enp0s3: renamed from eth0
[    8.663357] sd 2:0:0:0: Attached scsi generic sg0 type 0
[    8.675401] sd 2:0:0:0: [sda] 20971520 512-byte logical blocks: (10.7 GB/10.0 GiB)
[    8.713492] sd 2:0:1:0: [sdb] 20480 512-byte logical blocks: (10.5 MB/10.0 MiB)
[    8.736797] sd 2:0:1:0: Attached scsi generic sg1 type 0
[    8.748377] sd 2:0:1:0: [sdb] Write Protect is off
[    8.788704] sd 2:0:0:0: [sda] Write Protect is off
[    8.811062] sd 2:0:0:0: [sda] Incomplete mode parameter data
[    8.844074] sd 2:0:0:0: [sda] Assuming drive cache: write through
[    8.858999] sd 2:0:1:0: [sdb] Incomplete mode parameter data
[    8.869688] sd 2:0:1:0: [sdb] Assuming drive cache: write through
[    8.883367]  sda: sda1
[    8.892806] sd 2:0:1:0: [sdb] Attached SCSI disk
[    8.905599] sd 2:0:0:0: [sda] Attached SCSI disk
Begin: Loading essential drivers ... [   10.548689] md: linear personality registered for level -1
[   10.583838] md: multipath personality registered for level -4
[   10.632347] md: raid0 personality registered for level 0
[   10.675469] md: raid1 personality registered for level 1
[   10.784725] raid6: sse2x1   gen()  9546 MB/s
[   10.864761] raid6: sse2x1   xor()  6924 MB/s
[   10.957043] raid6: sse2x2   gen()  7239 MB/s
[   11.060948] raid6: sse2x2   xor()  6627 MB/s
[   11.140960] raid6: sse2x4   gen() 11510 MB/s
[   11.224611] raid6: sse2x4   xor()  5013 MB/s
[   11.312792] raid6: avx2x1   gen() 11180 MB/s
[   11.405043] raid6: avx2x2   gen() 11812 MB/s
[   11.492929] raid6: avx2x4   gen() 15057 MB/s
[   11.525754] raid6: using algorithm avx2x4 gen() 15057 MB/s
[   11.545085] raid6: using avx2x2 recovery algorithm
[   11.582627] xor: automatically using best checksumming function:
[   11.704799]    avx       : 11606.000 MB/sec
[   11.727167] async_tx: api initialized (async)
[   11.750743] md: raid6 personality registered for level 6
[   11.770791] md: raid5 personality registered for level 5
[   11.787059] md: raid4 personality registered for level 4
[   11.808310] md: raid10 personality registered for level 10
done.
Begin: Running /scripts/init-premount ... done.
Begin: Mounting root file system ... Begin: Running /scripts/local-top ... done.
Begin: Running /scripts/local-premount ... [   11.903700] Btrfs loaded
Scanning for Btrfs filesystems
done.
Warning: fsck not present, so skipping root file system
[   12.009062] EXT4-fs (sda1): mounted filesystem with ordered data mode. Opts: (null)
done.
Begin: Running /scripts/local-bottom ... done.
Begin: Running /scripts/init-bottom ... done.
[   12.203248] systemd[1]: systemd 229 running in system mode. (+PAM +AUDIT +SELINUX +IMA +APPARMOR +SMACK +SYSVINIT +UTMP +LIBCRYPTSETUP +GCRYPT +GNUTLS +ACL +XZ -LZ4 +SECCOMP +BLKID +ELFUTILS +KMOD -IDN)
[   12.264676] systemd[1]: Detected virtualization oracle.
[   12.292455] systemd[1]: Detected architecture x86-64.

Welcome to [1mUbuntu 16.04.5 LTS[0m!

[   12.376933] systemd[1]: Set hostname to <restful>.
[   12.636751] systemd[1]: Listening on Syslog Socket.
[[0;32m  OK  [0m] Listening on Syslog Socket.
[   12.700007] systemd[1]: Listening on /dev/initctl Compatibility Named Pipe.
[[0;32m  OK  [0m] Listening on /dev/initctl Compatibility Named Pipe.
[   12.826841] systemd[1]: Listening on LVM2 metadata daemon socket.
[[0;32m  OK  [0m] Listening on LVM2 metadata daemon socket.
[   12.964945] systemd[1]: Started Forward Password Requests to Wall Directory Watch.
[[0;32m  OK  [0m] Started Forward Password Requests to Wall Directory Watch.
[   13.142041] systemd[1]: Reached target User and Group Name Lookups.
[[0;32m  OK  [0m] Reached target User and Group Name Lookups.
[   13.243780] systemd[1]: Started Trigger resolvconf update for networkd DNS.
[[0;32m  OK  [0m] Started Trigger resolvconf update for networkd DNS.
[   13.328258] systemd[1]: Listening on Journal Socket (/dev/log).
[[0;32m  OK  [0m] Listening on Journal Socket (/dev/log).
[   13.351071] systemd[1]: Listening on Journal Audit Socket.
[[0;32m  OK  [0m] Listening on Journal Audit Socket.
[   13.392408] systemd[1]: Listening on LVM2 poll daemon socket.
[[0;32m  OK  [0m] Listening on LVM2 poll daemon socket.
[   13.433059] systemd[1]: Reached target Swap.
[[0;32m  OK  [0m] Reached target Swap.
[   13.472975] systemd[1]: Listening on Journal Socket.
[[0;32m  OK  [0m] Listening on Journal Socket.
[   13.535179] systemd[1]: Reached target System Time Synchronized.
[[0;32m  OK  [0m] Reached target System Time Synchronized.
[   13.639326] systemd[1]: Listening on udev Kernel Socket.
[[0;32m  OK  [0m] Listening on udev Kernel Socket.
[   13.701132] systemd[1]: Listening on Device-mapper event daemon FIFOs.
[[0;32m  OK  [0m] Listening on Device-mapper event daemon FIFOs.
[   13.814991] systemd[1]: Created slice User and Session Slice.
[[0;32m  OK  [0m] Created slice User and Session Slice.
[   13.893252] systemd[1]: Reached target Encrypted Volumes.
[[0;32m  OK  [0m] Reached target Encrypted Volumes.
[   13.960061] systemd[1]: Set up automount Arbitrary Executable File Formats File System Automount Point.
[[0;32m  OK  [0m] Set up automount Arbitrary Executab...ats File System Automount Point.
[   14.090687] systemd[1]: Listening on udev Control Socket.
[[0;32m  OK  [0m] Listening on udev Control Socket.
[   14.158228] systemd[1]: Created slice System Slice.
[[0;32m  OK  [0m] Created slice System Slice.
[   14.233279] systemd[1]: Created slice system-serial\x2dgetty.slice.
[[0;32m  OK  [0m] Created slice system-serial\x2dgetty.slice.
[   14.323386] systemd[1]: Starting Journal Service...
         Starting Journal Service...
[   14.415320] systemd[1]: Starting Uncomplicated firewall...
[   14.448515] random: nonblocking pool is initialized
         Starting Uncomplicated firewall...
[   14.499911] systemd[1]: Mounting POSIX Message Queue File System...
         Mounting POSIX Message Queue File System...
[   14.559415] systemd[1]: Starting Load Kernel Modules...
         Starting Load Kernel Modules...
[   14.634540] Loading iSCSI transport class v2.0-870.
[   14.686594] systemd[1]: Mounting Debug File System...
         Mounting Debug F[   14.763852] iscsi: registered transport (tcp)
ile System...
[   14.807092] systemd[1]: Starting Set console keymap...
         Starting Set console keymap...
[   14.887269] systemd[1]: Starting Remount Root and Kernel File Systems...
         Starting Remount Root and Kernel File Systems...
[   14.989899] systemd[1]: Starting Nameserver information manager...
[   15.046257] EXT4-fs (sda1): re-mounted. Opts: (null)
         Starting Nameserver information manager...[   15.148979] iscsi: registered transport (iser)

[   15.186509] systemd[1]: Mounting Huge Pages File System...
         Mounting Huge Pages File System...
[   15.348692] systemd[1]: Reached target Slices.
[[0;32m  OK  [0m] Reached target Slices.
[   15.426486] systemd[1]: Starting Monitoring of LVM2 mirrors, snapshots etc. using dmeventd or progress polling...
         Starting Monitoring of LVM2 mirrors... dmeventd or progress polling...
[   15.568032] systemd[1]: Starting Create list of required static device nodes for the current kernel...
         Starting Create list of required st... nodes for the current kernel...
[   15.659835] systemd[1]: Mounted Huge Pages File System.
[[0;32m  OK  [0m] Mounted Huge Pages File System.
[   15.704979] systemd[1]: Mounted POSIX Message Queue File System.
[[0;32m  OK  [0m] Mounted POSIX Message Queue File System.
[   15.809575] systemd[1]: Mounted Debug File System.
[[0;32m  OK  [0m] Mounted Debug File System.
[   15.875889] systemd[1]: Started Journal Service.
[[0;32m  OK  [0m] Started Journal Service.
[[0;32m  OK  [0m] Started Uncomplicated firewall.
[[0;32m  OK  [0m] Started Load Kernel Modules.
[[0;32m  OK  [0m] Started Set console keymap.
[[0;32m  OK  [0m] Started Remount Root and Kernel File Systems.
[[0;32m  OK  [0m] Started Create list of required sta...ce nodes for the current kernel.
[[0;32m  OK  [0m] Started Nameserver information manager.
[[0;32m  OK  [0m] Started LVM2 metadata daemon.
         Starting Create Static Device Nodes in /dev...
         Starting Load/Save Random Seed...
         Starting udev Coldplug all Devices...
         Starting Apply Kernel Variables...
         Mounting FUSE Control File System...
         Starting Flush Journal to Persistent Storage...
[[0;32m  OK  [0m] Mounted FUSE Control File System.
[[0;32m  OK  [0m] Started Monitoring of LVM2 mirrors,...ng dmeventd or progress polling.
[[0;32m  OK  [0m] Started Create Static Device Nodes in /dev.
[[0;32m  OK  [0m] Started Load/Save Random Seed.
[[0;32m  OK  [0m] Started Apply Kernel Variables.
[[0;32m  OK  [0m] Started udev Coldplug all Devices.
         Starting udev Kernel Device Manager...
[[0;32m  OK  [0m] Started udev Kernel Device Manager.
[[0;32m  OK  [0m] Started Flush Journal to Persistent Storage.
[[0;32m  OK  [0m] Reached target Local File Systems (Pre).
[[0;32m  OK  [0m] Reached target Local File Systems.
         Starting Tell Plymouth To Write Out Runtime Data...
         Starting LSB: AppArmor initialization...
         Starting Set console font and keymap...
         Starting Initial cloud-init job (pre-networking)...
         Starting Create Volatile Files and Directories...
[[0;32m  OK  [0m] Started Dispatch Password Requests to Console Directory Watch.
[[0;32m  OK  [0m] Started Tell Plymouth To Write Out Runtime Data.
[[0;32m  OK  [0m] Started Create Volatile Files and Directories.
         Starting Update UTMP about System Boot/Shutdown...
[[0;32m  OK  [0m] Found device /dev/ttyS0.
[[0;32m  OK  [0m] Started LSB: AppArmor initialization.
[[0;32m  OK  [0m] Started Update UTMP about System Boot/Shutdown.
[[0;32m  OK  [0m] Listening on Load/Save RF Kill Switch Status /dev/rfkill Watch.
[[0;32m  OK  [0m] Found device 82540EM Gigabit Ethern...r (PRO/1000 MT Desktop Adapter).
[[0;32m  OK  [0m] Found device 82540EM Gigabit Ethern...r (PRO/1000 MT Desktop Adapter).
[[0;32m  OK  [0m] Started Set console font and keymap.
[[0;32m  OK  [0m] Created slice system-getty.slice.
[   18.874809] cloud-init[497]: Cloud-init v. 18.3-9-g2e62cb8a-0ubuntu1~16.04.2 running 'init-local' at Sat, 06 Oct 2018 23:21:07 +0000. Up 17.72 seconds.
[[0;32m  OK  [0m] Started Initial cloud-init job (pre-networking).
[[0;32m  OK  [0m] Reached target Network (Pre).
[[0;32m  OK  [0m] Started ifup for enp0s3.
[[0;32m  OK  [0m] Started ifup for enp0s8.
         Starting Raise network interfaces...
[[0;32m  OK  [0m] Started Raise network interfaces.
[[0;32m  OK  [0m] Reached target Network.
         Starting Initial cloud-init job (metadata service crawler)...
[   21.044380] cloud-init[1062]: Cloud-init v. 18.3-9-g2e62cb8a-0ubuntu1~16.04.2 running 'init' at Sat, 06 Oct 2018 23:21:10 +0000. Up 20.33 seconds.
[   21.155335] cloud-init[1062]: ci-info: ++++++++++++++++++++++++++++++++++++++Net device info+++++++++++++++++++++++++++++++++++++++
[   21.273721] [[0;32m  OK  [0m] Started Initial cloud-init job (metadata service crawler).
[[0;32m  OK  [0m] Reached target System Initialization.
cloud-init[1062]: ci-info: +--------+------+-----------------------------+---------------+--------+-------------------+
         [   21.460215] Starting LXD - unix socket.cloud-init[1062]: ci-info: | Device |  Up  |           Address           |      Mask     | Scope  |     Hw-Address    |
[   21.469941] cloud-init[1062]: ci-info: +--------+------+-----------------------------+---------------+--------+-------------------+
[   21.470000] cloud-init[1062]: ci-info: | enp0s3 | True |          10.0.2.15          | 255.255.255.0 | global | 02:48:e1:e3:74:ed |
[   21.470047] cloud-init[1062]: ci-info: | enp0s3 | True |  fe80::48:e1ff:fee3:74ed/64 |       .       |  link  | 02:48:e1:e3:74:ed |
[   21.470092] cloud-init[1062]: ci-info: | enp0s8 | True |        192.168.33.10        | 255.255.255.0 | global | 08:00:27:9d:bb:e6 |
[   21.470137] cloud-init[1062]: ci-info: | enp0s8 | True | fe80::a00:27ff:fe9d:bbe6/64 |       .       |  link  | 08:00:27:9d:bb:e6 |
[   21.470183] cloud-init[1062]: ci-info: |   lo   | True |          127.0.0.1          |   255.0.0.0   |  host  |         .         |
[   21.470228] cloud-init[1062]: ci-info: |   lo   | True |           ::1/128           |       .       |  host  |         .         |
[   21.470272] cloud-init[1062]: ci-info: +--------+------+-----------------------------+---------------+--------+-------------------+
[   21.470316] cloud-init[1062]: ci-info: ++++++++++++++++++++++++++++Route IPv4 info++++++++++++++++++++++++++++
[   21.470362] cloud-init[1062]: ci-info: +-------+--------------+----------+---------------+-----------+-------+
[   21.470409] cloud-init[1062]: ci-info: | Route | Destination  | Gateway  |    Genmask    | Interface | Flags |
[   21.470455] cloud-init[1062]: ci-info: +-------+--------------+----------+---------------+-----------+-------+
[   21.470499] cloud-init[1062]: ci-info: |   0   |   0.0.0.0    | 10.0.2.2 |    0.0.0.0    |   enp0s3  |   UG  |
[   21.470544] cloud-init[1062]: ci-info: |   1   |   10.0.2.0   | 0.0.0.0  | 255.255.255.0 |   enp0s3  |   U   |
[   21.470588] cloud-init[1062]: ci-info: |   2   | 192.168.33.0 | 0.0.0.0  | 255.255.255.0 |   enp0s8  |   U   |
[   21.470632] cloud-init[1062]: ci-info: +-------+--------------+----------+---------------+-----------+-------+
[   21.470677] cloud-init[1062]: ci-info: +++++++++++++++++++Route IPv6 info+++++++++++++++++++
[   21.470721] cloud-init[1062]: ci-info: +-------+-------------+---------+-----------+-------+
[   21.470788] cloud-init[1062]: ci-info: | Route | Destination | Gateway | Interface | Flags |
[   21.470837] cloud-init[1062]: ci-info: +-------+-------------+---------+-----------+-------+
[   21.470884] cloud-init[1062]: ci-info: |   0   |  fe80::/64  |    ::   |   enp0s8  |   U   |
[   21.470928] cloud-init[1062]: ci-info: |   1   |  fe80::/64  |    ::   |   enp0s3  |   U   |
[   21.470974] cloud-init[1062]: ci-info: |   4   |   ff00::/8  |    ::   |   enp0s8  |   U   |
[   21.471019] cloud-init[1062]: ci-info: |   5   |   ff00::/8  |    ::   |   enp0s3  |   U   |
[   21.471064] cloud-init[1062]: ci-info: +-------+-------------+---------+-----------+-------+

[[0;32m  OK  [0m] Started Daily apt download activities.
[[0;32m  OK  [0m] Started Daily apt upgrade and clean activities.
         Starting Socket activation for snappy daemon.
[[0;32m  OK  [0m] Started Daily Cleanup of Temporary Directories.
[[0;32m  OK  [0m] Reached target Timers.
[[0;32m  OK  [0m] Started ACPI Events Check.
[[0;32m  OK  [0m] Reached target Paths.
[[0;32m  OK  [0m] Listening on UUID daemon activation socket.
[[0;32m  OK  [0m] Listening on D-Bus System Message Bus Socket.
[[0;32m  OK  [0m] Listening on ACPID Listen Socket.
[[0;32m  OK  [0m] Reached target Cloud-config availability.
[[0;32m  OK  [0m] Reached target Network is Online.
         Starting iSCSI initiator daemon (iscsid)...
[[0;32m  OK  [0m] Listening on LXD - unix socket.
[[0;32m  OK  [0m] Listening on Socket activation for snappy daemon.
[[0;32m  OK  [0m] Started iSCSI initiator daemon (iscsid).
         Starting Login to default iSCSI targets...
[[0;32m  OK  [0m] Reached target Sockets.
[[0;32m  OK  [0m] Reached target Basic System.
         Starting /etc/rc.local Compatibility...
[[0;32m  OK  [0m] Started Deferred execution scheduler.
[[0;32m  OK  [0m] Started D-Bus System Message Bus.
         Starting LSB: Record successful boot for GRUB...
         Starting System Logging Service...
[[0;32m  OK  [0m] Started Regular background program processing daemon.
         Starting Accounts Service...
         Starting Login Service...
         Starting Snappy daemon...
[[0;32m  OK  [0m] Started FUSE filesystem for LXC.
[[0;32m  OK  [0m] Started Unattended Upgrades Shutdown.
         Starting Virtualbox guest utils...
         Starting LSB: MD monitoring daemon...
         Starting OpenBSD Secure Shell server...
[[0;32m  OK  [0m] Started ACPI event daemon.
         Starting LXD - container startup/shutdown...
[[0;32m  OK  [0m] Started System Logging Service.
[[0;32m  OK  [0m] Started OpenBSD Secure Shell server.
[[0;32m  OK  [0m] Started /etc/rc.local Compatibility.
[[0;32m  OK  [0m] Started Login to default iSCSI targets.
[[0;32m  OK  [0m] Started LXD - container startup/shutdown.
[[0;32m  OK  [0m] Started LSB: Record successful boot for GRUB.
[[0;32m  OK  [0m] Started Snappy daemon.
[[0;32m  OK  [0m] Started LSB: MD monitoring daemon.
[[0;32m  OK  [0m] Started Login Service.
         Starting Authenticate and Authorize Users to Run Privileged Tasks...
         Starting Wait until snapd is fully seeded...
[[0;32m  OK  [0m] Reached target Remote File Systems (Pre).
[[0;32m  OK  [0m] Reached target Remote File Systems.
         Starting LSB: automatic crash report generation...
         Starting LSB: Set the CPU Frequency Scaling governor to "ondemand"...
         Starting LSB: daemon to balance interrupts for SMP systems...
         Starting Permit User Sessions...
[[0;32m  OK  [0m] Started Virtualbox guest utils.
[[0;32m  OK  [0m] Started Wait until snapd is fully seeded.
[[0;32m  OK  [0m] Started Permit User Sessions.
[[0;32m  OK  [0m] Started Authenticate and Authorize Users to Run Privileged Tasks.
[[0;32m  OK  [0m] Started Accounts Service.
[[0;32m  OK  [0m] Created slice User Slice of vagrant.
         Starting User Manager for UID 1000...
[[0;32m  OK  [0m] Started Session 1 of user vagrant.
         Starting Terminate Plymouth Boot Screen...
         Starting Hold until boot process finishes up...
         Starting Apply the settings specified in cloud-config...
[[0;32m  OK  [0m] Started User Manager for UID 1000.
[[0;32m  OK  [0m] Started LSB: automatic crash report generation.
[[0;32m  OK  [0m] Started LSB: Set the CPU Frequency Scaling governor to "ondemand".
[[0;32m  OK  [0m] Started LSB: daemon to balance interrupts for SMP systems.
[[0;32m  OK  [0m] Started Terminate Plymouth Boot Screen.
[[0;32m  OK  [0m] Started Hold until boot process finishes up.
         Starting Set console scheme...
[[0;32m  OK  [0m] Started Serial Getty on ttyS0.
[[0;32m  OK  [0m] Started Getty on tty1.
[[0;32m  OK  [0m] Reached target Login Prompts.
[[0;32m  OK  [0m] Reached target Multi-User System.
[[0;32m  OK  [0m] Reached target Graphical Interface.
         Starting Update UTMP about System Runlevel Changes...
[[0;32m  OK  [0m] Started Set console scheme.
[[0;32m  OK  [0m] Started Update UTMP about System Runlevel Changes.
[   28.122704] cloud-init[1313]: Cloud-init v. 18.3-9-g2e62cb8a-0ubuntu1~16.04.2 running 'modules:config' at Sat, 06 Oct 2018 23:21:17 +0000. Up 27.57 seconds.
[[0;32m  OK  [0m] Started Apply the settings specified in cloud-config.
         Starting Execute cloud user/final scripts...
[   29.432486] cloud-init[1396]: Cloud-init v. 18.3-9-g2e62cb8a-0ubuntu1~16.04.2 running 'modules:final' at Sat, 06 Oct 2018 23:21:18 +0000. Up 28.92 seconds.
[   29.617444] [[0;32m  OK  [0m] Started Execute cloud user/final scripts.cloud-init[1396]: Cloud-init v. 18.3-9-g2e62cb8a-0ubuntu1~16.04.2 finished at Sat, 06 Oct 2018 23:21:19 +0000. Datasource DataSourceNoCloud [seed=/dev/sdb][dsmode=net].  Up 29.40 seconds

[[0;32m  OK  [0m] Reached target Cloud-init target.

Ubuntu 16.04.5 LTS restful ttyS0

restful login: 